0 info it worked if it ends with ok
1 verbose cli [ 'C:\\Program Files\\nodejs\\node.exe',
1 verbose cli   'C:\\Program Files\\nodejs\\node_modules\\npm\\bin\\npm-cli.js',
1 verbose cli   'run',
1 verbose cli   'build' ]
2 info using npm@3.10.9
3 info using node@v6.9.2
4 verbose run-script [ 'prebuild', 'build', 'postbuild' ]
5 info lifecycle jopo@1.0.0~prebuild: jopo@1.0.0
6 silly lifecycle jopo@1.0.0~prebuild: no script for prebuild, continuing
7 info lifecycle jopo@1.0.0~build: jopo@1.0.0
8 verbose lifecycle jopo@1.0.0~build: unsafe-perm in lifecycle true
9 verbose lifecycle jopo@1.0.0~build: PATH: C:\Program Files\nodejs\node_modules\npm\bin\node-gyp-bin;C:\Users\htoniv\Documents\jopo\node_modules\.bin;C:\Users\htoniv\AppData\Roaming\npm;C:\Program Files\nodejs\;C:\ProgramData\Oracle\Java\javapath;C:\WINDOWS\system32;C:\WINDOWS;C:\WINDOWS\System32\Wbem;C:\WINDOWS\System32\WindowsPowerShell\v1.0\;C:\Program Files (x86)\Brackets\command;C:\Program Files (x86)\Windows Kits\10\Windows Performance Toolkit\;C:\Program Files\nodejs\;C:\Program Files (x86)\Skype\Phone\;C:\Users\htoniv\AppData\Local\Microsoft\WindowsApps;C:\Users\htoniv\AppData\Roaming\npm;C:\Program Files\Heroku\bin;C:\Python27;C:\Python27\Scripts
10 verbose lifecycle jopo@1.0.0~build: CWD: C:\Users\htoniv\Documents\jopo
11 silly lifecycle jopo@1.0.0~build: Args: [ '/d /s /c', 'babel src -d lib' ]
12 silly lifecycle jopo@1.0.0~build: Returned: code: 2  signal: null
13 info lifecycle jopo@1.0.0~build: Failed to exec build script
14 verbose stack Error: jopo@1.0.0 build: `babel src -d lib`
14 verbose stack Exit status 2
14 verbose stack     at EventEmitter.<anonymous> (C:\Program Files\nodejs\node_modules\npm\lib\utils\lifecycle.js:255:16)
14 verbose stack     at emitTwo (events.js:106:13)
14 verbose stack     at EventEmitter.emit (events.js:191:7)
14 verbose stack     at ChildProcess.<anonymous> (C:\Program Files\nodejs\node_modules\npm\lib\utils\spawn.js:40:14)
14 verbose stack     at emitTwo (events.js:106:13)
14 verbose stack     at ChildProcess.emit (events.js:191:7)
14 verbose stack     at maybeClose (internal/child_process.js:877:16)
14 verbose stack     at Process.ChildProcess._handle.onexit (internal/child_process.js:226:5)
15 verbose pkgid jopo@1.0.0
16 verbose cwd C:\Users\htoniv\Documents\jopo
17 error Windows_NT 10.0.14393
18 error argv "C:\\Program Files\\nodejs\\node.exe" "C:\\Program Files\\nodejs\\node_modules\\npm\\bin\\npm-cli.js" "run" "build"
19 error node v6.9.2
20 error npm  v3.10.9
21 error code ELIFECYCLE
22 error jopo@1.0.0 build: `babel src -d lib`
22 error Exit status 2
23 error Failed at the jopo@1.0.0 build script 'babel src -d lib'.
23 error Make sure you have the latest version of node.js and npm installed.
23 error If you do, this is most likely a problem with the jopo package,
23 error not with npm itself.
23 error Tell the author that this fails on your system:
23 error     babel src -d lib
23 error You can get information on how to open an issue for this project with:
23 error     npm bugs jopo
23 error Or if that isn't available, you can get their info via:
23 error     npm owner ls jopo
23 error There is likely additional logging output above.
24 verbose exit [ 1, true ]
